<?xml version="1.0" encoding="UTF-8"?>
<!-- Generated by org.testng.reporters.JUnitReportReporter -->
<testsuite skipped="0" hostname="Sony" name="files.ReusableMethods" tests="1" failures="0" timestamp="20 Oct 2018 10:53:33 GMT" time="5.767" errors="0">
  <testcase name="getJiraAPISessionID" time="5.767" classname="files.ReusableMethods"/>
</testsuite> <!-- files.ReusableMethods -->
