<?xml version="1.0" encoding="UTF-8"?>
<!-- Generated by org.testng.reporters.JUnitReportReporter -->
<testsuite skipped="0" hostname="Sony" name="restAPI.PostRequest" tests="1" failures="0" timestamp="17 Nov 2018 10:34:46 GMT" time="0.646" errors="0">
  <testcase name="createPlaceAPI" time="0.646" classname="restAPI.PostRequest"/>
</testsuite> <!-- restAPI.PostRequest -->
