<?xml version="1.0" encoding="UTF-8"?>
<!-- Generated by org.testng.reporters.JUnitReportReporter -->
<testsuite skipped="0" hostname="Sony" name="restAPI.APIGetRequest" tests="1" failures="0" timestamp="17 Nov 2018 10:34:46 GMT" time="12.067" errors="0">
  <testcase name="getPlaceAPI" time="12.067" classname="restAPI.APIGetRequest"/>
</testsuite> <!-- restAPI.APIGetRequest -->
